#
# A fatal error has been detected by the Java Runtime Environment:
#
#  Internal Error (constantTag.cpp:59), pid=7640, tid=0x0000000000002948
#  Error: ShouldNotReachHere()
#
# JRE version: Java(TM) SE Runtime Environment (8.0_112-b15) (build 1.8.0_112-b15)
# Java VM: Java HotSpot(TM) 64-Bit Server VM (25.112-b15 mixed mode windows-amd64 compressed oops)
# Failed to write core dump. Minidumps are not enabled by default on client versions of Windows
#
# If you would like to submit a bug report, please visit:
#   http://bugreport.java.com/bugreport/crash.jsp
#

---------------  T H R E A D  ---------------

Current thread (0x00000000571a3000):  VMThread [stack: 0x0000000058150000,0x0000000058250000] [id=10568]

Stack: [0x0000000058150000,0x0000000058250000]
[error occurred during error reporting (printing stack bounds), id 0xc0000005]

Native frames: (J=compiled Java code, j=interpreted, Vv=VM code, C=native code)

VM_Operation (0x0000000058e1f130): GetOrSetLocal, mode: safepoint, requested by thread 0x000000005870f000


---------------  P R O C E S S  ---------------

Java Threads: ( => current thread )
  0x000000005dfd3000 JavaThread "DestroyJavaVM" [_thread_blocked, id=12220, stack(0x0000000002300000,0x0000000002400000)]
  0x000000005dfd2000 JavaThread "http-nio-8099-Acceptor" daemon [_thread_in_native, id=6184, stack(0x0000000060fc0000,0x00000000610c0000)]
  0x000000005dfd1000 JavaThread "http-nio-8099-ClientPoller" daemon [_thread_in_native, id=9628, stack(0x0000000060d50000,0x0000000060e50000)]
  0x000000005dfd0800 JavaThread "http-nio-8099-exec-10" daemon [_thread_blocked, id=10228, stack(0x0000000060c30000,0x0000000060d30000)]
  0x000000005dfcf800 JavaThread "http-nio-8099-exec-9" daemon [_thread_blocked, id=10684, stack(0x0000000060a60000,0x0000000060b60000)]
  0x000000005dfcf000 JavaThread "http-nio-8099-exec-8" daemon [_thread_blocked, id=10224, stack(0x00000000608d0000,0x00000000609d0000)]
  0x000000005dfce000 JavaThread "http-nio-8099-exec-7" daemon [_thread_blocked, id=6600, stack(0x000000005ed10000,0x000000005ee10000)]
  0x000000005dfcd800 JavaThread "http-nio-8099-exec-6" daemon [_thread_blocked, id=10844, stack(0x0000000060790000,0x0000000060890000)]
  0x000000005dfcc800 JavaThread "http-nio-8099-exec-5" daemon [_thread_blocked, id=7080, stack(0x0000000060620000,0x0000000060720000)]
  0x000000005dfcc000 JavaThread "http-nio-8099-exec-4" daemon [_thread_blocked, id=9428, stack(0x00000000603f0000,0x00000000604f0000)]
  0x000000005d8c2800 JavaThread "http-nio-8099-exec-3" daemon [_thread_blocked, id=12248, stack(0x0000000060240000,0x0000000060340000)]
  0x000000005d8c2000 JavaThread "http-nio-8099-exec-2" daemon [_thread_blocked, id=8832, stack(0x000000005ea60000,0x000000005eb60000)]
  0x000000005d8c1000 JavaThread "http-nio-8099-exec-1" daemon [_thread_blocked, id=4344, stack(0x0000000060050000,0x0000000060150000)]
  0x000000005d8c0800 JavaThread "http-nio-8099-BlockPoller" daemon [_thread_in_native, id=7764, stack(0x000000005ff20000,0x0000000060020000)]
  0x000000005d8bc800 JavaThread "Druid-ConnectionPool-Destroy-1969752268" daemon [_thread_blocked, id=10220, stack(0x000000005efc0000,0x000000005f0c0000)]
  0x000000005d8bc000 JavaThread "Druid-ConnectionPool-Create-1969752268" daemon [_thread_blocked, id=8020, stack(0x000000005ee10000,0x000000005ef10000)]
  0x000000005d8b3000 JavaThread "Druid-ConnectionPool-Destroy-426123784" daemon [_thread_blocked, id=4408, stack(0x000000005eb90000,0x000000005ec90000)]
  0x000000005b99f000 JavaThread "Druid-ConnectionPool-Create-426123784" daemon [_thread_blocked, id=10736, stack(0x000000005e960000,0x000000005ea60000)]
  0x000000005b934000 JavaThread "mysql-cj-abandoned-connection-cleanup" daemon [_thread_blocked, id=9316, stack(0x000000005d790000,0x000000005d890000)]
  0x0000000059614800 JavaThread "container-0" [_thread_blocked, id=11236, stack(0x000000005a6c0000,0x000000005a7c0000)]
  0x00000000595de000 JavaThread "Catalina-utility-2" [_thread_blocked, id=8152, stack(0x000000005d050000,0x000000005d150000)]
  0x00000000597f6000 JavaThread "Catalina-utility-1" [_thread_blocked, id=9872, stack(0x000000005a060000,0x000000005a160000)]
  0x000000005b1c2000 JavaThread "RMI Scheduler(0)" daemon [_thread_blocked, id=5628, stack(0x000000005c730000,0x000000005c830000)]
  0x000000005952e000 JavaThread "RMI TCP Accept-0" daemon [_thread_in_native, id=10716, stack(0x000000005a220000,0x000000005a320000)]
  0x0000000059366800 JavaThread "Service Thread" daemon [_thread_blocked, id=7648, stack(0x0000000059f30000,0x000000005a030000)]
  0x0000000059362800 JavaThread "C1 CompilerThread2" daemon [_thread_blocked, id=8436, stack(0x0000000059e20000,0x0000000059f20000)]
  0x000000005935d800 JavaThread "C2 CompilerThread1" daemon [_thread_blocked, id=9776, stack(0x0000000059bf0000,0x0000000059cf0000)]
  0x0000000059302800 JavaThread "C2 CompilerThread0" daemon [_thread_blocked, id=9676, stack(0x0000000059ac0000,0x0000000059bc0000)]
  0x0000000058721000 JavaThread "JDWP Command Reader" daemon [_thread_in_native, id=3756, stack(0x0000000058e30000,0x0000000058f30000)]
  0x000000005871a800 JavaThread "JDWP Event Helper Thread" daemon [_thread_blocked, id=7256, stack(0x0000000059010000,0x0000000059110000)]
  0x000000005870f000 JavaThread "JDWP Transport Listener: dt_socket" daemon [_thread_blocked, id=9304, stack(0x0000000058d20000,0x0000000058e20000)]
  0x00000000586f2800 JavaThread "Attach Listener" daemon [_thread_blocked, id=7896, stack(0x0000000058bb0000,0x0000000058cb0000)]
  0x000000005720f000 JavaThread "Signal Dispatcher" daemon [_thread_blocked, id=6452, stack(0x0000000058480000,0x0000000058580000)]
  0x00000000571f2000 JavaThread "Finalizer" daemon [_thread_blocked, id=9004, stack(0x00000000585e0000,0x00000000586e0000)]
  0x00000000571ab000 JavaThread "Reference Handler" daemon [_thread_blocked, id=1256, stack(0x0000000058310000,0x0000000058410000)]

Other Threads:
=>0x00000000571a3000 VMThread [stack: 0x0000000058150000,0x0000000058250000] [id=10568]
  0x0000000059581800 WatcherThread [stack: 0x000000005a3a0000,0x000000005a4a0000] [id=7652]

VM state:at safepoint (normal execution)

VM Mutex/Monitor currently owned by a thread:  ([mutex/lock_event])
[0x0000000001fc8a80] Threads_lock - owner thread: 0x00000000571a3000

Heap:
 PSYoungGen      total 477184K, used 31820K [0x00000000d5f00000, 0x00000000f4c80000, 0x0000000100000000)
  eden space 462336K, 6% used [0x00000000d5f00000,0x00000000d7e130d8,0x00000000f2280000)
  from space 14848K, 0% used [0x00000000f3e00000,0x00000000f3e00000,0x00000000f4c80000)
  to   space 21504K, 0% used [0x00000000f2280000,0x00000000f2280000,0x00000000f3780000)
 ParOldGen       total 115200K, used 37106K [0x0000000081c00000, 0x0000000088c80000, 0x00000000d5f00000)
  object space 115200K, 32% used [0x0000000081c00000,0x000000008403c9f0,0x0000000088c80000)
 Metaspace       used 56780K, capacity 59562K, committed 59776K, reserved 1101824K
  class space    used 6962K, capacity 7484K, committed 7552K, reserved 1048576K

Card table byte_map: [0x00000000117c0000,0x0000000011bc0000] byte_map_base: 0x00000000113b2000

Marking Bits: (ParMarkBitMap*) 0x0000000067f3a6d0
 Begin Bits: [0x00000000124f0000, 0x0000000014480000)
 End Bits:   [0x0000000014480000, 0x0000000016410000)

Polling page: 0x0000000000320000

CodeCache: size=245760Kb used=12022Kb max_used=12022Kb free=233737Kb
 bounds [0x0000000002400000, 0x0000000002fd0000, 0x0000000011400000]
 total_blobs=6546 nmethods=5999 adapters=467
 compilation: enabled

Compilation events (10 events):
Event: 9553.201 Thread 0x0000000059362800 6130       1       org.apache.tomcat.util.buf.AbstractChunk::getEnd (5 bytes)
Event: 9553.201 Thread 0x0000000059362800 nmethod 6130 0x0000000002fbfb90 code [0x0000000002fbfce0, 0x0000000002fbfdf0]
Event: 9553.201 Thread 0x0000000059362800 6131       1       org.apache.tomcat.util.buf.ByteChunk::getBufferElement (7 bytes)
Event: 9553.201 Thread 0x0000000059362800 nmethod 6131 0x0000000002fbfe50 code [0x0000000002fbffa0, 0x0000000002fc00d0]
Event: 9553.201 Thread 0x0000000059362800 6132       1       org.apache.tomcat.util.buf.CharChunk::getBufferElement (7 bytes)
Event: 9553.201 Thread 0x0000000059362800 nmethod 6132 0x0000000002fc0190 code [0x0000000002fc02e0, 0x0000000002fc0410]
Event: 9553.206 Thread 0x0000000059362800 6133       1       java.nio.CharBuffer::array (35 bytes)
Event: 9553.207 Thread 0x0000000059362800 nmethod 6133 0x0000000002fc04d0 code [0x0000000002fc0660, 0x0000000002fc0898]
Event: 9553.207 Thread 0x0000000059362800 6134       1       java.nio.ByteBuffer::hasArray (20 bytes)
Event: 9553.207 Thread 0x0000000059362800 nmethod 6134 0x0000000002fc09d0 code [0x0000000002fc0b20, 0x0000000002fc0c50]

GC Heap History (10 events):
Event: 15.017 GC heap before
{Heap before GC invocations=9 (full 2):
 PSYoungGen      total 236032K, used 223744K [0x00000000d5f00000, 0x00000000e5780000, 0x0000000100000000)
  eden space 223744K, 100% used [0x00000000d5f00000,0x00000000e3980000,0x00000000e3980000)
  from space 12288K, 0% used [0x00000000e4b00000,0x00000000e4b00000,0x00000000e5700000)
  to   space 15360K, 0% used [0x00000000e3980000,0x00000000e3980000,0x00000000e4880000)
 ParOldGen       total 78848K, used 18665K [0x0000000081c00000, 0x0000000086900000, 0x00000000d5f00000)
  object space 78848K, 23% used [0x0000000081c00000,0x0000000082e3a7f8,0x0000000086900000)
 Metaspace       used 42548K, capacity 44650K, committed 44928K, reserved 1087488K
  class space    used 5551K, capacity 5957K, committed 6016K, reserved 1048576K
Event: 15.031 GC heap after
Heap after GC invocations=9 (full 2):
 PSYoungGen      total 239104K, used 10567K [0x00000000d5f00000, 0x00000000ee180000, 0x0000000100000000)
  eden space 223744K, 0% used [0x00000000d5f00000,0x00000000d5f00000,0x00000000e3980000)
  from space 15360K, 68% used [0x00000000e3980000,0x00000000e43d1dc0,0x00000000e4880000)
  to   space 15360K, 0% used [0x00000000ed280000,0x00000000ed280000,0x00000000ee180000)
 ParOldGen       total 78848K, used 18673K [0x0000000081c00000, 0x0000000086900000, 0x00000000d5f00000)
  object space 78848K, 23% used [0x0000000081c00000,0x0000000082e3c7f8,0x0000000086900000)
 Metaspace       used 42548K, capacity 44650K, committed 44928K, reserved 1087488K
  class space    used 5551K, capacity 5957K, committed 6016K, reserved 1048576K
}
Event: 16.375 GC heap before
{Heap before GC invocations=10 (full 2):
 PSYoungGen      total 239104K, used 234311K [0x00000000d5f00000, 0x00000000ee180000, 0x0000000100000000)
  eden space 223744K, 100% used [0x00000000d5f00000,0x00000000e3980000,0x00000000e3980000)
  from space 15360K, 68% used [0x00000000e3980000,0x00000000e43d1dc0,0x00000000e4880000)
  to   space 15360K, 0% used [0x00000000ed280000,0x00000000ed280000,0x00000000ee180000)
 ParOldGen       total 78848K, used 18673K [0x0000000081c00000, 0x0000000086900000, 0x00000000d5f00000)
  object space 78848K, 23% used [0x0000000081c00000,0x0000000082e3c7f8,0x0000000086900000)
 Metaspace       used 45385K, capacity 47538K, committed 47744K, reserved 1091584K
  class space    used 5736K, capacity 6155K, committed 6272K, reserved 1048576K
Event: 16.400 GC heap after
Heap after GC invocations=10 (full 2):
 PSYoungGen      total 367104K, used 11823K [0x00000000d5f00000, 0x00000000ede80000, 0x0000000100000000)
  eden space 354816K, 0% used [0x00000000d5f00000,0x00000000d5f00000,0x00000000eb980000)
  from space 12288K, 96% used [0x00000000ed280000,0x00000000ede0bf28,0x00000000ede80000)
  to   space 15872K, 0% used [0x00000000ebf80000,0x00000000ebf80000,0x00000000ecf00000)
 ParOldGen       total 78848K, used 18681K [0x0000000081c00000, 0x0000000086900000, 0x00000000d5f00000)
  object space 78848K, 23% used [0x0000000081c00000,0x0000000082e3e7f8,0x0000000086900000)
 Metaspace       used 45385K, capacity 47538K, committed 47744K, reserved 1091584K
  class space    used 5736K, capacity 6155K, committed 6272K, reserved 1048576K
}
Event: 18.267 GC heap before
{Heap before GC invocations=11 (full 2):
 PSYoungGen      total 367104K, used 366639K [0x00000000d5f00000, 0x00000000ede80000, 0x0000000100000000)
  eden space 354816K, 100% used [0x00000000d5f00000,0x00000000eb980000,0x00000000eb980000)
  from space 12288K, 96% used [0x00000000ed280000,0x00000000ede0bf28,0x00000000ede80000)
  to   space 15872K, 0% used [0x00000000ebf80000,0x00000000ebf80000,0x00000000ecf00000)
 ParOldGen       total 78848K, used 18681K [0x0000000081c00000, 0x0000000086900000, 0x00000000d5f00000)
  object space 78848K, 23% used [0x0000000081c00000,0x0000000082e3e7f8,0x0000000086900000)
 Metaspace       used 49839K, capacity 52384K, committed 52480K, reserved 1095680K
  class space    used 6145K, capacity 6635K, committed 6656K, reserved 1048576K
Event: 18.294 GC heap after
Heap after GC invocations=11 (full 2):
 PSYoungGen      total 376832K, used 15851K [0x00000000d5f00000, 0x00000000f5280000, 0x0000000100000000)
  eden space 360960K, 0% used [0x00000000d5f00000,0x00000000d5f00000,0x00000000ebf80000)
  from space 15872K, 99% used [0x00000000ebf80000,0x00000000ecefade0,0x00000000ecf00000)
  to   space 20992K, 0% used [0x00000000f3e00000,0x00000000f3e00000,0x00000000f5280000)
 ParOldGen       total 78848K, used 25758K [0x0000000081c00000, 0x0000000086900000, 0x00000000d5f00000)
  object space 78848K, 32% used [0x0000000081c00000,0x0000000083527bb8,0x0000000086900000)
 Metaspace       used 49839K, capacity 52384K, committed 52480K, reserved 1095680K
  class space    used 6145K, capacity 6635K, committed 6656K, reserved 1048576K
}
Event: 74.550 GC heap before
{Heap before GC invocations=12 (full 2):
 PSYoungGen      total 376832K, used 113272K [0x00000000d5f00000, 0x00000000f5280000, 0x0000000100000000)
  eden space 360960K, 26% used [0x00000000d5f00000,0x00000000dbe23250,0x00000000ebf80000)
  from space 15872K, 99% used [0x00000000ebf80000,0x00000000ecefade0,0x00000000ecf00000)
  to   space 20992K, 0% used [0x00000000f3e00000,0x00000000f3e00000,0x00000000f5280000)
 ParOldGen       total 78848K, used 25758K [0x0000000081c00000, 0x0000000086900000, 0x00000000d5f00000)
  object space 78848K, 32% used [0x0000000081c00000,0x0000000083527bb8,0x0000000086900000)
 Metaspace       used 56319K, capacity 59044K, committed 59136K, reserved 1101824K
  class space    used 6912K, capacity 7419K, committed 7424K, reserved 1048576K
Event: 74.576 GC heap after
Heap after GC invocations=12 (full 2):
 PSYoungGen      total 477184K, used 14592K [0x00000000d5f00000, 0x00000000f4c80000, 0x0000000100000000)
  eden space 462336K, 0% used [0x00000000d5f00000,0x00000000d5f00000,0x00000000f2280000)
  from space 14848K, 98% used [0x00000000f3e00000,0x00000000f4c400a0,0x00000000f4c80000)
  to   space 21504K, 0% used [0x00000000f2280000,0x00000000f2280000,0x00000000f3780000)
 ParOldGen       total 78848K, used 32828K [0x0000000081c00000, 0x0000000086900000, 0x00000000d5f00000)
  object space 78848K, 41% used [0x0000000081c00000,0x0000000083c0f340,0x0000000086900000)
 Metaspace       used 56319K, capacity 59044K, committed 59136K, reserved 1101824K
  class space    used 6912K, capacity 7419K, committed 7424K, reserved 1048576K
}
Event: 74.576 GC heap before
{Heap before GC invocations=13 (full 3):
 PSYoungGen      total 477184K, used 14592K [0x00000000d5f00000, 0x00000000f4c80000, 0x0000000100000000)
  eden space 462336K, 0% used [0x00000000d5f00000,0x00000000d5f00000,0x00000000f2280000)
  from space 14848K, 98% used [0x00000000f3e00000,0x00000000f4c400a0,0x00000000f4c80000)
  to   space 21504K, 0% used [0x00000000f2280000,0x00000000f2280000,0x00000000f3780000)
 ParOldGen       total 78848K, used 32828K [0x0000000081c00000, 0x0000000086900000, 0x00000000d5f00000)
  object space 78848K, 41% used [0x0000000081c00000,0x0000000083c0f340,0x0000000086900000)
 Metaspace       used 56319K, capacity 59044K, committed 59136K, reserved 1101824K
  class space    used 6912K, capacity 7419K, committed 7424K, reserved 1048576K
Event: 74.773 GC heap after
Heap after GC invocations=13 (full 3):
 PSYoungGen      total 477184K, used 0K [0x00000000d5f00000, 0x00000000f4c80000, 0x0000000100000000)
  eden space 462336K, 0% used [0x00000000d5f00000,0x00000000d5f00000,0x00000000f2280000)
  from space 14848K, 0% used [0x00000000f3e00000,0x00000000f3e00000,0x00000000f4c80000)
  to   space 21504K, 0% used [0x00000000f2280000,0x00000000f2280000,0x00000000f3780000)
 ParOldGen       total 115200K, used 37106K [0x0000000081c00000, 0x0000000088c80000, 0x00000000d5f00000)
  object space 115200K, 32% used [0x0000000081c00000,0x000000008403c9f0,0x0000000088c80000)
 Metaspace       used 56319K, capacity 59044K, committed 59136K, reserved 1101824K
  class space    used 6912K, capacity 7419K, committed 7424K, reserved 1048576K
}

Deoptimization events (0 events):
No events

Internal exceptions (10 events):
Event: 18.407 Thread 0x0000000001fca000 Exception <a 'java/lang/ArrayIndexOutOfBoundsException'> (0x00000000d6ada6d0) thrown at [C:\re\workspace\8-2-build-windows-amd64-cygwin\jdk8u112\7884\hotspot\src\share\vm\runtime\sharedRuntime.cpp, line 605]
Event: 18.407 Thread 0x0000000001fca000 Exception <a 'java/lang/ArrayIndexOutOfBoundsException'> (0x00000000d6adee58) thrown at [C:\re\workspace\8-2-build-windows-amd64-cygwin\jdk8u112\7884\hotspot\src\share\vm\runtime\sharedRuntime.cpp, line 605]
Event: 18.416 Thread 0x0000000001fca000 Exception <a 'java/lang/ArrayIndexOutOfBoundsException'> (0x00000000d6b89c18) thrown at [C:\re\workspace\8-2-build-windows-amd64-cygwin\jdk8u112\7884\hotspot\src\share\vm\runtime\sharedRuntime.cpp, line 605]
Event: 18.423 Thread 0x0000000001fca000 Exception <a 'java/lang/ArrayIndexOutOfBoundsException'> (0x00000000d6c78c00) thrown at [C:\re\workspace\8-2-build-windows-amd64-cygwin\jdk8u112\7884\hotspot\src\share\vm\runtime\sharedRuntime.cpp, line 605]
Event: 18.479 Thread 0x0000000001fca000 Exception <a 'java/lang/ArrayIndexOutOfBoundsException'> (0x00000000d79e5610) thrown at [C:\re\workspace\8-2-build-windows-amd64-cygwin\jdk8u112\7884\hotspot\src\share\vm\runtime\sharedRuntime.cpp, line 605]
Event: 18.480 Thread 0x0000000001fca000 Exception <a 'java/lang/ArrayIndexOutOfBoundsException'> (0x00000000d79f1b78) thrown at [C:\re\workspace\8-2-build-windows-amd64-cygwin\jdk8u112\7884\hotspot\src\share\vm\runtime\sharedRuntime.cpp, line 605]
Event: 18.480 Thread 0x0000000001fca000 Exception <a 'java/lang/ArrayIndexOutOfBoundsException'> (0x00000000d79f4d60) thrown at [C:\re\workspace\8-2-build-windows-amd64-cygwin\jdk8u112\7884\hotspot\src\share\vm\runtime\sharedRuntime.cpp, line 605]
Event: 60.261 Thread 0x000000005d8c1000 Exception <a 'java/lang/ArrayIndexOutOfBoundsException'> (0x00000000d9de3888) thrown at [C:\re\workspace\8-2-build-windows-amd64-cygwin\jdk8u112\7884\hotspot\src\share\vm\runtime\sharedRuntime.cpp, line 605]
Event: 60.298 Thread 0x000000005d8c1000 Exception <a 'java/lang/ArrayIndexOutOfBoundsException'> (0x00000000da00d5f0) thrown at [C:\re\workspace\8-2-build-windows-amd64-cygwin\jdk8u112\7884\hotspot\src\share\vm\runtime\sharedRuntime.cpp, line 605]
Event: 60.339 Thread 0x000000005d8c1000 Exception <a 'java/lang/ArrayIndexOutOfBoundsException'> (0x00000000da29c3c8) thrown at [C:\re\workspace\8-2-build-windows-amd64-cygwin\jdk8u112\7884\hotspot\src\share\vm\runtime\sharedRuntime.cpp, line 605]

Events (10 events):
Event: 9554.589 Executing VM operation: GetCurrentLocation done
Event: 9554.589 Executing VM operation: ChangeSingleStep
Event: 9554.589 Executing VM operation: ChangeSingleStep done
Event: 9554.590 Executing VM operation: ChangeSingleStep
Event: 9554.591 Executing VM operation: ChangeSingleStep done
Event: 9554.593 Executing VM operation: RevokeBias
Event: 9554.593 Executing VM operation: RevokeBias done
Event: 9554.603 Executing VM operation: ForceSafepoint
Event: 9554.603 Executing VM operation: ForceSafepoint done
Event: 9554.605 Executing VM operation: GetOrSetLocal


Dynamic libraries:
0x000000013fe20000 - 0x000000013fe57000 	E:\Tool\Java\jdk1.8.0_112\bin\java.exe
0x00000000777c0000 - 0x000000007795f000 	C:\Windows\SYSTEM32\ntdll.dll
0x00000000775a0000 - 0x00000000776bf000 	C:\Windows\system32\kernel32.dll
0x000007fefd910000 - 0x000007fefd977000 	C:\Windows\system32\KERNELBASE.dll
0x000007fefdf90000 - 0x000007fefe06b000 	C:\Windows\system32\ADVAPI32.dll
0x000007fefe2e0000 - 0x000007fefe37f000 	C:\Windows\system32\msvcrt.dll
0x000007fefdbb0000 - 0x000007fefdbcf000 	C:\Windows\SYSTEM32\sechost.dll
0x000007feff5e0000 - 0x000007feff70c000 	C:\Windows\system32\RPCRT4.dll
0x00000000776c0000 - 0x00000000777ba000 	C:\Windows\system32\USER32.dll
0x000007fefdac0000 - 0x000007fefdb27000 	C:\Windows\system32\GDI32.dll
0x000007fefdf80000 - 0x000007fefdf8e000 	C:\Windows\system32\LPK.dll
0x000007fefdc70000 - 0x000007fefdd3b000 	C:\Windows\system32\USP10.dll
0x000007fefc150000 - 0x000007fefc345000 	C:\Windows\WinSxS\amd64_microsoft.windows.common-controls_6595b64144ccf1df_6.0.7601.24483_none_e372d88f30fbb845\COMCTL32.dll
0x000007feff710000 - 0x000007feff781000 	C:\Windows\system32\SHLWAPI.dll
0x000007feff5b0000 - 0x000007feff5de000 	C:\Windows\system32\IMM32.DLL
0x000007fefe380000 - 0x000007fefe48b000 	C:\Windows\system32\MSCTF.dll
0x0000000067fc0000 - 0x0000000068092000 	E:\Tool\Java\jdk1.8.0_112\jre\bin\msvcr100.dll
0x0000000067720000 - 0x0000000067fba000 	E:\Tool\Java\jdk1.8.0_112\jre\bin\server\jvm.dll
0x000007fef0f50000 - 0x000007fef0f59000 	C:\Windows\system32\WSOCK32.dll
0x000007feffa50000 - 0x000007feffa9d000 	C:\Windows\system32\WS2_32.dll
0x000007feffaa0000 - 0x000007feffaa8000 	C:\Windows\system32\NSI.dll
0x000007fefb170000 - 0x000007fefb1ab000 	C:\Windows\system32\WINMM.dll
0x000007fefc810000 - 0x000007fefc81c000 	C:\Windows\system32\VERSION.dll
0x0000000077970000 - 0x0000000077977000 	C:\Windows\system32\PSAPI.DLL
0x000000006e0c0000 - 0x000000006e0cf000 	E:\Tool\Java\jdk1.8.0_112\jre\bin\verify.dll
0x0000000068150000 - 0x0000000068179000 	E:\Tool\Java\jdk1.8.0_112\jre\bin\java.dll
0x000000005c250000 - 0x000000005c285000 	E:\Tool\Java\jdk1.8.0_112\jre\bin\jdwp.dll
0x000000005c240000 - 0x000000005c248000 	E:\Tool\Java\jdk1.8.0_112\jre\bin\npt.dll
0x000000005c210000 - 0x000000005c233000 	E:\Tool\Java\jdk1.8.0_112\jre\bin\instrument.dll
0x000000006d1c0000 - 0x000000006d1d6000 	E:\Tool\Java\jdk1.8.0_112\jre\bin\zip.dll
0x000007fefe6f0000 - 0x000007feff47b000 	C:\Windows\system32\SHELL32.dll
0x000007feff850000 - 0x000007feffa4f000 	C:\Windows\system32\ole32.dll
0x000007fefd6b0000 - 0x000007fefd6bf000 	C:\Windows\system32\profapi.dll
0x000000005c200000 - 0x000000005c209000 	E:\Tool\Java\jdk1.8.0_112\jre\bin\dt_socket.dll
0x000007fefce90000 - 0x000007fefcee5000 	C:\Windows\system32\mswsock.dll
0x000007fefc8e0000 - 0x000007fefc8e7000 	C:\Windows\System32\wshtcpip.dll
0x0000000068110000 - 0x000000006812a000 	E:\Tool\Java\jdk1.8.0_112\jre\bin\net.dll
0x000007fefce80000 - 0x000007fefce87000 	C:\Windows\System32\wship6.dll
0x000007fefcd10000 - 0x000007fefcd6b000 	C:\Windows\system32\DNSAPI.dll
0x000007fefa2b0000 - 0x000007fefa2d7000 	C:\Windows\system32\IPHLPAPI.DLL
0x000007fefa3c0000 - 0x000007fefa3cb000 	C:\Windows\system32\WINNSI.DLL
0x000007fef8090000 - 0x000007fef8098000 	C:\Windows\system32\rasadhlp.dll
0x000007fefa340000 - 0x000007fefa393000 	C:\Windows\System32\fwpuclnt.dll
0x000000006e0b0000 - 0x000000006e0bd000 	E:\Tool\Java\jdk1.8.0_112\jre\bin\management.dll
0x00000000680f0000 - 0x0000000068101000 	E:\Tool\Java\jdk1.8.0_112\jre\bin\nio.dll
0x000007fefcef0000 - 0x000007fefcf08000 	C:\Windows\system32\CRYPTSP.dll
0x000007fefcbf0000 - 0x000007fefcc37000 	C:\Windows\system32\rsaenh.dll
0x000007fefca00000 - 0x000007fefca1f000 	C:\Windows\system32\USERENV.dll
0x000007fefd5a0000 - 0x000007fefd5af000 	C:\Windows\system32\CRYPTBASE.dll
0x000007fefa290000 - 0x000007fefa2a1000 	C:\Windows\system32\dhcpcsvc6.DLL
0x000007fefa040000 - 0x000007fefa058000 	C:\Windows\system32\dhcpcsvc.DLL
0x000007fefb0f0000 - 0x000007fefb105000 	C:\Windows\system32\NLAapi.dll
0x000007fef8c50000 - 0x000007fef8c65000 	C:\Windows\system32\napinsp.dll
0x000007fef8c30000 - 0x000007fef8c49000 	C:\Windows\system32\pnrpnsp.dll
0x000007fef8c20000 - 0x000007fef8c2b000 	C:\Windows\System32\winrnr.dll
0x00000000680c0000 - 0x00000000680e4000 	E:\Tool\Java\jdk1.8.0_112\jre\bin\sunec.dll
0x00000000680b0000 - 0x00000000680bb000 	E:\Tool\Java\jdk1.8.0_112\jre\bin\sunmscapi.dll
0x000007fefd7a0000 - 0x000007fefd90d000 	C:\Windows\system32\CRYPT32.dll
0x000007fefd750000 - 0x000007fefd75f000 	C:\Windows\system32\MSASN1.dll

VM Arguments:
jvm_args: -agentlib:jdwp=transport=dt_socket,address=127.0.0.1:62507,suspend=y,server=n -XX:TieredStopAtLevel=1 -Xverify:none -Dspring.output.ansi.enabled=always -Dcom.sun.management.jmxremote -Dspring.jmx.enabled=true -Dspring.liveBeansView.mbeanDomain -Dspring.application.admin.enabled=true -javaagent:C:\Users\Host-0\.IntelliJIdea2019.2\system\captureAgent\debugger-agent.jar -Dfile.encoding=UTF-8 
java_command: com.cc.manager.ManagerJjApplication
java_class_path (initial): E:\Tool\Java\jdk1.8.0_112\jre\lib\charsets.jar;E:\Tool\Java\jdk1.8.0_112\jre\lib\deploy.jar;E:\Tool\Java\jdk1.8.0_112\jre\lib\ext\access-bridge-64.jar;E:\Tool\Java\jdk1.8.0_112\jre\lib\ext\cldrdata.jar;E:\Tool\Java\jdk1.8.0_112\jre\lib\ext\dnsns.jar;E:\Tool\Java\jdk1.8.0_112\jre\lib\ext\jaccess.jar;E:\Tool\Java\jdk1.8.0_112\jre\lib\ext\jfxrt.jar;E:\Tool\Java\jdk1.8.0_112\jre\lib\ext\localedata.jar;E:\Tool\Java\jdk1.8.0_112\jre\lib\ext\nashorn.jar;E:\Tool\Java\jdk1.8.0_112\jre\lib\ext\sunec.jar;E:\Tool\Java\jdk1.8.0_112\jre\lib\ext\sunjce_provider.jar;E:\Tool\Java\jdk1.8.0_112\jre\lib\ext\sunmscapi.jar;E:\Tool\Java\jdk1.8.0_112\jre\lib\ext\sunpkcs11.jar;E:\Tool\Java\jdk1.8.0_112\jre\lib\ext\zipfs.jar;E:\Tool\Java\jdk1.8.0_112\jre\lib\javaws.jar;E:\Tool\Java\jdk1.8.0_112\jre\lib\jce.jar;E:\Tool\Java\jdk1.8.0_112\jre\lib\jfr.jar;E:\Tool\Java\jdk1.8.0_112\jre\lib\jfxswt.jar;E:\Tool\Java\jdk1.8.0_112\jre\lib\jsse.jar;E:\Tool\Java\jdk1.8.0_112\jre\lib\management-agent.jar;E:\Tool\Java\jdk1.8.0_112\jre\lib\plugin.jar;E:\Tool\Java\jdk1.8.0_112\jre\lib\resources.jar;E:\Tool\Java\jdk1.8.0_112\jre\lib\rt.jar;F:\project\WorkTemplate\manager\manager_jj\target\classes;C:\Users\Host-0\.m2\repository\org\springframework\boot\spring-boot-starter-web\2.2.6.RELEASE\spring-boot-starter-web-2.2.6.RELEASE.jar;C:\Users\Host-0\.m2\repository\org\springframework\boot\spring-boot-starter\2.2.6.RELEASE\spring-boot-starter-2.2.6.RELEASE.jar;C:\Users\Host-0\.m2\repository\org\springframework\boot\spring-boot\2.2.6.RELEASE\spring-boot-2.2.6.RELEASE.jar;C:\Users\Host-0\.m2\repository\org\springframework\boot\spring-boot-starter-logging\2.2.6.RELEASE\spring-boot-starter-logging-2.2.6.RELEASE.jar;C:\Users\Host-0\.m2\repository\ch\qos\logback\logback-classic\1.2.3\logback-classic-1.2.3.jar;C:\Users\Host-0\.m2\repository\org\apache\logging\log4j\log4j-to-slf4j\2.12.1\log4j-to-slf4j-2.12.1.jar;C:\Users\Host-0\.m2\repository\org\apache\logging\log4j\log4j-api\2.12.1\log4j-a
Launcher Type: SUN_STANDARD

Environment Variables:
JAVA_HOME=E:\Tool\Java\jdk1.8.0_112
CLASSPATH=.;E:\Tool\Java\jdk1.8.0_112\lib;E:\Tool\Java\jdk1.8.0_112\lib\tools.jar
PATH=E:\Tool\Java\jdk1.8.0_112\bin;E:\Tool\Java\jre1.8.0_112\bin;C:\ProgramData\Oracle\Java\javapath;C:\Windows\system32;C:\Windows;C:\Windows\System32\Wbem;C:\Windows\System32\WindowsPowerShell\v1.0\;C:\Program Files\IDM Computer Solutions\UltraEdit;E:\Tool\Mysql\Mysql\bin;E:\Tool\nodejs\;C:\Go\bin;C:\Users\Host-0\AppData\Local\Programs\Python\Python37;C:\Users\Host-0\AppData\Local\Programs\Python\Python37\Scripts;C:\Users\Host-0\AppData\Local\Programs\Python\Python37\Scripts\;C:\Users\Host-0\AppData\Local\Programs\Python\Python37\;E:\Tool\nodejs\node_global;C:\Program Files\Microsoft VS Code\bin;C:\Users\Host-0\go\bin;F:\doc\打包工具\package-tools\nodejs\;F:\doc\打包工具\package-tools\Python37\;C:\Users\Host-0\AppData\Local\Programs\Python\Python37\Scripts\;C:\Users\Host-0\AppData\Local\Programs\Python\Python37\;E:\Tool\nodejs\node_global;C:\Program Files\Microsoft VS Code\bin;C:\Users\Host-0\go\bin;E:\Tool\IDEA\PyCharm Community Edition 2020.1.2\bin;
USERNAME=Host-0203-pc
OS=Windows_NT
PROCESSOR_IDENTIFIER=Intel64 Family 6 Model 42 Stepping 7, GenuineIntel



---------------  S Y S T E M  ---------------

OS: Windows 7 , 64 bit Build 7601 (6.1.7601.24520)

CPU:total 4 (2 cores per cpu, 2 threads per core) family 6 model 42 stepping 7, cmov, cx8, fxsr, mmx, sse, sse2, sse3, ssse3, sse4.1, sse4.2, popcnt, avx, clmul, ht, tsc, tscinvbit

Memory: 4k page, physical 8266804k(1424352k free), swap 16531708k(2679280k free)

vm_info: Java HotSpot(TM) 64-Bit Server VM (25.112-b15) for windows-amd64 JRE (1.8.0_112-b15), built on Sep 22 2016 21:31:56 by "java_re" with MS VC++ 10.0 (VS2010)

time: Wed Jul 08 13:52:26 2020
elapsed time: 9554 seconds (0d 2h 39m 14s)

